mode: set
github.com/zrogers010/gobookings/cmd/web/main.go:22.13,24.16 2 0
github.com/zrogers010/gobookings/cmd/web/main.go:24.16,26.3 1 0
github.com/zrogers010/gobookings/cmd/web/main.go:28.2,36.16 4 0
github.com/zrogers010/gobookings/cmd/web/main.go:39.18,55.16 10 1
github.com/zrogers010/gobookings/cmd/web/main.go:55.16,58.3 2 0
github.com/zrogers010/gobookings/cmd/web/main.go:60.2,67.12 6 1
github.com/zrogers010/gobookings/cmd/web/middleware.go:10.53,11.71 1 0
github.com/zrogers010/gobookings/cmd/web/middleware.go:11.71,14.3 2 0
github.com/zrogers010/gobookings/cmd/web/middleware.go:18.45,27.2 3 1
github.com/zrogers010/gobookings/cmd/web/middleware.go:30.50,32.2 1 1
github.com/zrogers010/gobookings/cmd/web/routes.go:12.49,38.2 18 1
