mode: set
github.com/zrogers010/gobookings/internal/handlers/handlers.go:24.47,28.2 1 1
github.com/zrogers010/gobookings/internal/handlers/handlers.go:31.33,33.2 1 1
github.com/zrogers010/gobookings/internal/handlers/handlers.go:36.67,41.2 3 1
github.com/zrogers010/gobookings/internal/handlers/handlers.go:44.68,56.2 5 1
github.com/zrogers010/gobookings/internal/handlers/handlers.go:59.74,68.2 4 1
github.com/zrogers010/gobookings/internal/handlers/handlers.go:71.78,73.16 2 1
github.com/zrogers010/gobookings/internal/handlers/handlers.go:73.16,76.3 2 0
github.com/zrogers010/gobookings/internal/handlers/handlers.go:78.2,92.19 6 1
github.com/zrogers010/gobookings/internal/handlers/handlers.go:92.19,102.3 4 0
github.com/zrogers010/gobookings/internal/handlers/handlers.go:104.2,106.66 2 1
github.com/zrogers010/gobookings/internal/handlers/handlers.go:111.71,113.2 1 1
github.com/zrogers010/gobookings/internal/handlers/handlers.go:116.69,118.2 1 1
github.com/zrogers010/gobookings/internal/handlers/handlers.go:121.75,123.2 1 1
github.com/zrogers010/gobookings/internal/handlers/handlers.go:126.79,131.2 3 1
github.com/zrogers010/gobookings/internal/handlers/handlers.go:139.79,146.16 3 1
github.com/zrogers010/gobookings/internal/handlers/handlers.go:146.16,148.3 1 0
github.com/zrogers010/gobookings/internal/handlers/handlers.go:150.2,151.14 2 1
github.com/zrogers010/gobookings/internal/handlers/handlers.go:155.70,157.2 1 1
github.com/zrogers010/gobookings/internal/handlers/handlers.go:159.81,161.9 2 1
github.com/zrogers010/gobookings/internal/handlers/handlers.go:161.9,166.3 4 1
github.com/zrogers010/gobookings/internal/handlers/handlers.go:168.2,175.4 4 0
